Generated at 2015-09-16 20:31:35 +0200
Chef::Exceptions::DsclCommandFailed: user[jenkins] (jenkins::_master_war line 28) had an error: Chef::Exceptions::DsclCommandFailed: dscl error: <Mixlib::ShellOut#70254010753080: command: 'dscl . -create /Users/jenkins' process_status: #<Process::Status: pid 17753 exit 40> stdout: '' stderr: '<main> attribute status: eDSPermissionError
<dscl_cmd> DS Error: -14120 (eDSPermissionError)' child_pid: 17753 environment: {"LC_ALL"=>"en_US.UTF-8", "LANGUAGE"=>"en_US.UTF-8", "LANG"=>"en_US.UTF-8"} timeout: 600 user:  group:  working_dir:  >
/Users/ndodakheswa/.rvm/gems/ruby-2.2.1/gems/chef-12.4.1/lib/chef/provider/user/dscl.rb:647:in `run_dscl'
/Users/ndodakheswa/.rvm/gems/ruby-2.2.1/gems/chef-12.4.1/lib/chef/provider/user/dscl.rb:193:in `dscl_create_user'
/Users/ndodakheswa/.rvm/gems/ruby-2.2.1/gems/chef-12.4.1/lib/chef/provider/user/dscl.rb:162:in `create_user'
/Users/ndodakheswa/.rvm/gems/ruby-2.2.1/gems/chef-12.4.1/lib/chef/provider/user.rb:131:in `block in action_create'
/Users/ndodakheswa/.rvm/gems/ruby-2.2.1/gems/chef-12.4.1/lib/chef/mixin/why_run.rb:52:in `call'
/Users/ndodakheswa/.rvm/gems/ruby-2.2.1/gems/chef-12.4.1/lib/chef/mixin/why_run.rb:52:in `add_action'
/Users/ndodakheswa/.rvm/gems/ruby-2.2.1/gems/chef-12.4.1/lib/chef/provider.rb:175:in `converge_by'
/Users/ndodakheswa/.rvm/gems/ruby-2.2.1/gems/chef-12.4.1/lib/chef/provider/user.rb:130:in `action_create'
/Users/ndodakheswa/.rvm/gems/ruby-2.2.1/gems/chef-12.4.1/lib/chef/provider.rb:140:in `run_action'
/Users/ndodakheswa/.rvm/gems/ruby-2.2.1/gems/chef-12.4.1/lib/chef/resource.rb:584:in `run_action'
/Users/ndodakheswa/.rvm/gems/ruby-2.2.1/gems/chef-12.4.1/lib/chef/runner.rb:49:in `run_action'
/Users/ndodakheswa/.rvm/gems/ruby-2.2.1/gems/chef-12.4.1/lib/chef/runner.rb:81:in `block (2 levels) in converge'
/Users/ndodakheswa/.rvm/gems/ruby-2.2.1/gems/chef-12.4.1/lib/chef/runner.rb:81:in `each'
/Users/ndodakheswa/.rvm/gems/ruby-2.2.1/gems/chef-12.4.1/lib/chef/runner.rb:81:in `block in converge'
/Users/ndodakheswa/.rvm/gems/ruby-2.2.1/gems/chef-12.4.1/lib/chef/resource_collection/resource_list.rb:83:in `block in execute_each_resource'
/Users/ndodakheswa/.rvm/gems/ruby-2.2.1/gems/chef-12.4.1/lib/chef/resource_collection/stepable_iterator.rb:116:in `call'
/Users/ndodakheswa/.rvm/gems/ruby-2.2.1/gems/chef-12.4.1/lib/chef/resource_collection/stepable_iterator.rb:116:in `call_iterator_block'
/Users/ndodakheswa/.rvm/gems/ruby-2.2.1/gems/chef-12.4.1/lib/chef/resource_collection/stepable_iterator.rb:85:in `step'
/Users/ndodakheswa/.rvm/gems/ruby-2.2.1/gems/chef-12.4.1/lib/chef/resource_collection/stepable_iterator.rb:104:in `iterate'
/Users/ndodakheswa/.rvm/gems/ruby-2.2.1/gems/chef-12.4.1/lib/chef/resource_collection/stepable_iterator.rb:55:in `each_with_index'
/Users/ndodakheswa/.rvm/gems/ruby-2.2.1/gems/chef-12.4.1/lib/chef/resource_collection/resource_list.rb:81:in `execute_each_resource'
/Users/ndodakheswa/.rvm/gems/ruby-2.2.1/gems/chef-12.4.1/lib/chef/runner.rb:80:in `converge'
/Users/ndodakheswa/.rvm/gems/ruby-2.2.1/gems/chef-12.4.1/lib/chef/client.rb:654:in `block in converge'
/Users/ndodakheswa/.rvm/gems/ruby-2.2.1/gems/chef-12.4.1/lib/chef/client.rb:649:in `catch'
/Users/ndodakheswa/.rvm/gems/ruby-2.2.1/gems/chef-12.4.1/lib/chef/client.rb:649:in `converge'
/Users/ndodakheswa/.rvm/gems/ruby-2.2.1/gems/chef-12.4.1/lib/chef/client.rb:688:in `converge_and_save'
/Users/ndodakheswa/.rvm/gems/ruby-2.2.1/gems/chef-12.4.1/lib/chef/client.rb:269:in `run'
/Users/ndodakheswa/.rvm/gems/ruby-2.2.1/gems/chef-12.4.1/lib/chef/application.rb:270:in `block in fork_chef_client'
/Users/ndodakheswa/.rvm/gems/ruby-2.2.1/gems/chef-12.4.1/lib/chef/application.rb:258:in `fork'
/Users/ndodakheswa/.rvm/gems/ruby-2.2.1/gems/chef-12.4.1/lib/chef/application.rb:258:in `fork_chef_client'
/Users/ndodakheswa/.rvm/gems/ruby-2.2.1/gems/chef-12.4.1/lib/chef/application.rb:224:in `block in run_chef_client'
/Users/ndodakheswa/.rvm/gems/ruby-2.2.1/gems/chef-12.4.1/lib/chef/local_mode.rb:39:in `with_server_connectivity'
/Users/ndodakheswa/.rvm/gems/ruby-2.2.1/gems/chef-12.4.1/lib/chef/application.rb:212:in `run_chef_client'
/Users/ndodakheswa/.rvm/gems/ruby-2.2.1/gems/chef-12.4.1/lib/chef/application/client.rb:402:in `block in interval_run_chef_client'
/Users/ndodakheswa/.rvm/gems/ruby-2.2.1/gems/chef-12.4.1/lib/chef/application/client.rb:392:in `loop'
/Users/ndodakheswa/.rvm/gems/ruby-2.2.1/gems/chef-12.4.1/lib/chef/application/client.rb:392:in `interval_run_chef_client'
/Users/ndodakheswa/.rvm/gems/ruby-2.2.1/gems/chef-12.4.1/lib/chef/application/client.rb:382:in `run_application'
/Users/ndodakheswa/.rvm/gems/ruby-2.2.1/gems/chef-12.4.1/lib/chef/application.rb:60:in `run'
/Users/ndodakheswa/.rvm/gems/ruby-2.2.1/gems/chef-12.4.1/bin/chef-client:26:in `<top (required)>'
/Users/ndodakheswa/.rvm/gems/ruby-2.2.1/bin/chef-client:23:in `load'
/Users/ndodakheswa/.rvm/gems/ruby-2.2.1/bin/chef-client:23:in `<main>'
/Users/ndodakheswa/.rvm/gems/ruby-2.2.1/bin/ruby_executable_hooks:15:in `eval'
/Users/ndodakheswa/.rvm/gems/ruby-2.2.1/bin/ruby_executable_hooks:15:in `<main>'